<?xml version="1.0" encoding="UTF-8"?>
<testng-results ignored="0" total="1" passed="1" failed="0" skipped="0">
  <reporter-output>
  </reporter-output>
  <suite started-at="2024-08-14T14:29:10 IST" name="Default suite" finished-at="2024-08-14T14:29:10 IST" duration-ms="39">
    <groups>
    </groups>
    <test started-at="2024-08-14T14:29:10 IST" name="Default test" finished-at="2024-08-14T14:29:10 IST" duration-ms="39">
      <class name="Pro1.String_rev">
        <test-method signature="primenumber()[pri:0, instance:Pro1.String_rev@be35cd9]" started-at="2024-08-14T14:29:10 IST" name="primenumber" finished-at="2024-08-14T14:29:10 IST" duration-ms="8" status="PASS">
          <reporter-output>
          </reporter-output>
        </test-method> <!-- primenumber -->
      </class> <!-- Pro1.String_rev -->
    </test> <!-- Default test -->
  </suite> <!-- Default suite -->
</testng-results>
